{"name":"hexo","hostname":"Zhiyuan-Yang","pid":22032,"level":20,"msg":"Hexo version: 3.3.7","time":"2017-06-12T14:47:46.603Z","v":0}
{"name":"hexo","hostname":"Zhiyuan-Yang","pid":22032,"level":20,"msg":"Working directory: D:\\qazyuan.github.io\\blogs\\","time":"2017-06-12T14:47:46.603Z","v":0}
{"name":"hexo","hostname":"Zhiyuan-Yang","pid":22032,"level":20,"msg":"Config loaded: D:\\qazyuan.github.io\\blogs\\_config.yml","time":"2017-06-12T14:47:46.744Z","v":0}
{"name":"hexo","hostname":"Zhiyuan-Yang","pid":22032,"level":20,"msg":"Plugin loaded: hexo-generator-archive","time":"2017-06-12T14:47:46.759Z","v":0}
{"name":"hexo","hostname":"Zhiyuan-Yang","pid":22032,"level":20,"msg":"Plugin loaded: hexo-deployer-git","time":"2017-06-12T14:47:46.775Z","v":0}
{"name":"hexo","hostname":"Zhiyuan-Yang","pid":22032,"level":20,"msg":"Plugin loaded: hexo-generator-category","time":"2017-06-12T14:47:46.775Z","v":0}
{"name":"hexo","hostname":"Zhiyuan-Yang","pid":22032,"level":20,"msg":"Plugin loaded: hexo-generator-tag","time":"2017-06-12T14:47:46.775Z","v":0}
{"name":"hexo","hostname":"Zhiyuan-Yang","pid":22032,"level":20,"msg":"Plugin loaded: hexo-generator-index","time":"2017-06-12T14:47:46.775Z","v":0}
{"name":"hexo","hostname":"Zhiyuan-Yang","pid":22032,"level":20,"msg":"Plugin loaded: hexo-renderer-ejs","time":"2017-06-12T14:47:46.790Z","v":0}
{"name":"hexo","hostname":"Zhiyuan-Yang","pid":22032,"level":20,"msg":"Plugin loaded: hexo-renderer-marked","time":"2017-06-12T14:47:46.790Z","v":0}
{"name":"hexo","hostname":"Zhiyuan-Yang","pid":22032,"level":20,"msg":"Plugin loaded: hexo-renderer-stylus","time":"2017-06-12T14:47:46.806Z","v":0}
{"name":"hexo","hostname":"Zhiyuan-Yang","pid":22032,"level":20,"msg":"Plugin loaded: hexo-server","time":"2017-06-12T14:47:46.884Z","v":0}
{"name":"hexo","hostname":"Zhiyuan-Yang","pid":22032,"level":20,"msg":"Script loaded: themes\\next\\scripts\\merge-configs.js","time":"2017-06-12T14:47:46.900Z","v":0}
{"name":"hexo","hostname":"Zhiyuan-Yang","pid":22032,"level":20,"msg":"Script loaded: themes\\next\\scripts\\tags\\center-quote.js","time":"2017-06-12T14:47:46.900Z","v":0}
{"name":"hexo","hostname":"Zhiyuan-Yang","pid":22032,"level":20,"msg":"Script loaded: themes\\next\\scripts\\merge.js","time":"2017-06-12T14:47:46.900Z","v":0}
{"name":"hexo","hostname":"Zhiyuan-Yang","pid":22032,"level":20,"msg":"Script loaded: themes\\next\\scripts\\tags\\button.js","time":"2017-06-12T14:47:46.900Z","v":0}
{"name":"hexo","hostname":"Zhiyuan-Yang","pid":22032,"level":20,"msg":"Script loaded: themes\\next\\scripts\\tags\\full-image.js","time":"2017-06-12T14:47:46.900Z","v":0}
{"name":"hexo","hostname":"Zhiyuan-Yang","pid":22032,"level":20,"msg":"Script loaded: themes\\next\\scripts\\tags\\exturl.js","time":"2017-06-12T14:47:46.900Z","v":0}
{"name":"hexo","hostname":"Zhiyuan-Yang","pid":22032,"level":20,"msg":"Script loaded: themes\\next\\scripts\\tags\\note.js","time":"2017-06-12T14:47:46.900Z","v":0}
{"name":"hexo","hostname":"Zhiyuan-Yang","pid":22032,"level":20,"msg":"Script loaded: themes\\next\\scripts\\tags\\group-pictures.js","time":"2017-06-12T14:47:46.900Z","v":0}
{"name":"hexo","hostname":"Zhiyuan-Yang","pid":22032,"level":20,"msg":"Loading database.","time":"2017-06-12T14:47:46.915Z","v":0}
{"name":"hexo","hostname":"Zhiyuan-Yang","pid":22032,"level":30,"msg":"Start processing","time":"2017-06-12T14:47:46.994Z","v":0}
{"name":"hexo","hostname":"Zhiyuan-Yang","pid":22032,"level":20,"msg":"Processed: _posts/hello-world.md","time":"2017-06-12T14:47:47.119Z","v":0}
{"name":"hexo","hostname":"Zhiyuan-Yang","pid":22032,"level":20,"msg":"Processed: categories/index.md","time":"2017-06-12T14:47:47.119Z","v":0}
{"name":"hexo","hostname":"Zhiyuan-Yang","pid":22032,"level":20,"msg":"Processed: tags/index.md","time":"2017-06-12T14:47:47.119Z","v":0}
{"name":"hexo","hostname":"Zhiyuan-Yang","pid":22032,"level":20,"msg":"Processed: source/css/main.styl","time":"2017-06-12T14:47:47.165Z","v":0}
{"name":"hexo","hostname":"Zhiyuan-Yang","pid":22032,"level":20,"msg":"Processed: source/images/algolia_logo.svg","time":"2017-06-12T14:47:47.165Z","v":0}
{"name":"hexo","hostname":"Zhiyuan-Yang","pid":22032,"level":20,"msg":"Processed: source/images/avatar.gif","time":"2017-06-12T14:47:47.165Z","v":0}
{"name":"hexo","hostname":"Zhiyuan-Yang","pid":22032,"level":20,"msg":"Processed: source/images/cc-by-nc-nd.svg","time":"2017-06-12T14:47:47.181Z","v":0}
{"name":"hexo","hostname":"Zhiyuan-Yang","pid":22032,"level":20,"msg":"Processed: source/images/cc-by-nc-sa.svg","time":"2017-06-12T14:47:47.181Z","v":0}
{"name":"hexo","hostname":"Zhiyuan-Yang","pid":22032,"level":20,"msg":"Processed: source/images/cc-by-nc.svg","time":"2017-06-12T14:47:47.181Z","v":0}
{"name":"hexo","hostname":"Zhiyuan-Yang","pid":22032,"level":20,"msg":"Processed: source/images/cc-by-nd.svg","time":"2017-06-12T14:47:47.181Z","v":0}
{"name":"hexo","hostname":"Zhiyuan-Yang","pid":22032,"level":20,"msg":"Processed: source/images/cc-by-sa.svg","time":"2017-06-12T14:47:47.181Z","v":0}
{"name":"hexo","hostname":"Zhiyuan-Yang","pid":22032,"level":20,"msg":"Processed: source/images/cc-by.svg","time":"2017-06-12T14:47:47.181Z","v":0}
{"name":"hexo","hostname":"Zhiyuan-Yang","pid":22032,"level":20,"msg":"Processed: source/images/placeholder.gif","time":"2017-06-12T14:47:47.181Z","v":0}
{"name":"hexo","hostname":"Zhiyuan-Yang","pid":22032,"level":20,"msg":"Processed: source/images/loading.gif","time":"2017-06-12T14:47:47.181Z","v":0}
{"name":"hexo","hostname":"Zhiyuan-Yang","pid":22032,"level":20,"msg":"Processed: source/images/cc-zero.svg","time":"2017-06-12T14:47:47.181Z","v":0}
{"name":"hexo","hostname":"Zhiyuan-Yang","pid":22032,"level":20,"msg":"Processed: source/images/quote-l.svg","time":"2017-06-12T14:47:47.181Z","v":0}
{"name":"hexo","hostname":"Zhiyuan-Yang","pid":22032,"level":20,"msg":"Processed: source/images/quote-r.svg","time":"2017-06-12T14:47:47.181Z","v":0}
{"name":"hexo","hostname":"Zhiyuan-Yang","pid":22032,"level":20,"msg":"Processed: source/images/searchicon.png","time":"2017-06-12T14:47:47.181Z","v":0}
{"name":"hexo","hostname":"Zhiyuan-Yang","pid":22032,"level":20,"msg":"Theme config loaded.","time":"2017-06-12T14:47:47.212Z","v":0}
{"name":"hexo","hostname":"Zhiyuan-Yang","pid":22032,"level":20,"msg":"Processed: _config.yml","time":"2017-06-12T14:47:47.212Z","v":0}
{"name":"hexo","hostname":"Zhiyuan-Yang","pid":22032,"level":20,"msg":"Processed: layout/_layout.swig","time":"2017-06-12T14:47:47.462Z","v":0}
{"name":"hexo","hostname":"Zhiyuan-Yang","pid":22032,"level":20,"msg":"Processed: layout/archive.swig","time":"2017-06-12T14:47:47.462Z","v":0}
{"name":"hexo","hostname":"Zhiyuan-Yang","pid":22032,"level":20,"msg":"Processed: layout/category.swig","time":"2017-06-12T14:47:47.462Z","v":0}
{"name":"hexo","hostname":"Zhiyuan-Yang","pid":22032,"level":20,"msg":"Processed: layout/index.swig","time":"2017-06-12T14:47:47.462Z","v":0}
{"name":"hexo","hostname":"Zhiyuan-Yang","pid":22032,"level":20,"msg":"Processed: layout/page.swig","time":"2017-06-12T14:47:47.462Z","v":0}
{"name":"hexo","hostname":"Zhiyuan-Yang","pid":22032,"level":20,"msg":"Processed: layout/post.swig","time":"2017-06-12T14:47:47.462Z","v":0}
{"name":"hexo","hostname":"Zhiyuan-Yang","pid":22032,"level":20,"msg":"Processed: layout/schedule.swig","time":"2017-06-12T14:47:47.462Z","v":0}
{"name":"hexo","hostname":"Zhiyuan-Yang","pid":22032,"level":20,"msg":"Processed: layout/tag.swig","time":"2017-06-12T14:47:47.462Z","v":0}
{"name":"hexo","hostname":"Zhiyuan-Yang","pid":22032,"level":20,"msg":"Processed: languages/de.yml","time":"2017-06-12T14:47:47.478Z","v":0}
{"name":"hexo","hostname":"Zhiyuan-Yang","pid":22032,"level":20,"msg":"Processed: languages/default.yml","time":"2017-06-12T14:47:47.478Z","v":0}
{"name":"hexo","hostname":"Zhiyuan-Yang","pid":22032,"level":20,"msg":"Processed: languages/en.yml","time":"2017-06-12T14:47:47.478Z","v":0}
{"name":"hexo","hostname":"Zhiyuan-Yang","pid":22032,"level":20,"msg":"Processed: languages/id.yml","time":"2017-06-12T14:47:47.478Z","v":0}
{"name":"hexo","hostname":"Zhiyuan-Yang","pid":22032,"level":20,"msg":"Processed: languages/fr-FR.yml","time":"2017-06-12T14:47:47.478Z","v":0}
{"name":"hexo","hostname":"Zhiyuan-Yang","pid":22032,"level":20,"msg":"Processed: languages/ja.yml","time":"2017-06-12T14:47:47.478Z","v":0}
{"name":"hexo","hostname":"Zhiyuan-Yang","pid":22032,"level":20,"msg":"Processed: languages/ko.yml","time":"2017-06-12T14:47:47.478Z","v":0}
{"name":"hexo","hostname":"Zhiyuan-Yang","pid":22032,"level":20,"msg":"Processed: languages/pt-BR.yml","time":"2017-06-12T14:47:47.478Z","v":0}
{"name":"hexo","hostname":"Zhiyuan-Yang","pid":22032,"level":20,"msg":"Processed: languages/pt.yml","time":"2017-06-12T14:47:47.478Z","v":0}
{"name":"hexo","hostname":"Zhiyuan-Yang","pid":22032,"level":20,"msg":"Processed: languages/ru.yml","time":"2017-06-12T14:47:47.478Z","v":0}
{"name":"hexo","hostname":"Zhiyuan-Yang","pid":22032,"level":20,"msg":"Processed: languages/zh-Hans.yml","time":"2017-06-12T14:47:47.478Z","v":0}
{"name":"hexo","hostname":"Zhiyuan-Yang","pid":22032,"level":20,"msg":"Processed: languages/zh-hk.yml","time":"2017-06-12T14:47:47.478Z","v":0}
{"name":"hexo","hostname":"Zhiyuan-Yang","pid":22032,"level":20,"msg":"Processed: languages/zh-tw.yml","time":"2017-06-12T14:47:47.478Z","v":0}
{"name":"hexo","hostname":"Zhiyuan-Yang","pid":22032,"level":20,"msg":"Processed: source/js/src/affix.js","time":"2017-06-12T14:47:47.494Z","v":0}
{"name":"hexo","hostname":"Zhiyuan-Yang","pid":22032,"level":20,"msg":"Processed: source/js/src/algolia-search.js","time":"2017-06-12T14:47:47.494Z","v":0}
{"name":"hexo","hostname":"Zhiyuan-Yang","pid":22032,"level":20,"msg":"Processed: source/js/src/bootstrap.js","time":"2017-06-12T14:47:47.494Z","v":0}
{"name":"hexo","hostname":"Zhiyuan-Yang","pid":22032,"level":20,"msg":"Processed: source/js/src/exturl.js","time":"2017-06-12T14:47:47.494Z","v":0}
{"name":"hexo","hostname":"Zhiyuan-Yang","pid":22032,"level":20,"msg":"Processed: source/js/src/hook-duoshuo.js","time":"2017-06-12T14:47:47.494Z","v":0}
{"name":"hexo","hostname":"Zhiyuan-Yang","pid":22032,"level":20,"msg":"Processed: source/js/src/motion.js","time":"2017-06-12T14:47:47.494Z","v":0}
{"name":"hexo","hostname":"Zhiyuan-Yang","pid":22032,"level":20,"msg":"Processed: _posts/bookNotes.md","time":"2017-06-12T14:47:47.494Z","v":0}
{"name":"hexo","hostname":"Zhiyuan-Yang","pid":22032,"level":20,"msg":"Processed: source/js/src/post-details.js","time":"2017-06-12T14:47:47.494Z","v":0}
{"name":"hexo","hostname":"Zhiyuan-Yang","pid":22032,"level":20,"msg":"Processed: source/js/src/scrollspy.js","time":"2017-06-12T14:47:47.494Z","v":0}
{"name":"hexo","hostname":"Zhiyuan-Yang","pid":22032,"level":20,"msg":"Processed: source/js/src/utils.js","time":"2017-06-12T14:47:47.494Z","v":0}
{"name":"hexo","hostname":"Zhiyuan-Yang","pid":22032,"level":20,"msg":"Processed: source/lib/algolia-instant-search/instantsearch.min.css","time":"2017-06-12T14:47:47.494Z","v":0}
{"name":"hexo","hostname":"Zhiyuan-Yang","pid":22032,"level":20,"msg":"Processed: source/lib/canvas-nest/canvas-nest.min.js","time":"2017-06-12T14:47:47.509Z","v":0}
{"name":"hexo","hostname":"Zhiyuan-Yang","pid":22032,"level":20,"msg":"Processed: source/lib/fastclick/LICENSE","time":"2017-06-12T14:47:47.509Z","v":0}
{"name":"hexo","hostname":"Zhiyuan-Yang","pid":22032,"level":20,"msg":"Processed: source/lib/fastclick/bower.json","time":"2017-06-12T14:47:47.509Z","v":0}
{"name":"hexo","hostname":"Zhiyuan-Yang","pid":22032,"level":20,"msg":"Processed: source/lib/fastclick/README.md","time":"2017-06-12T14:47:47.509Z","v":0}
{"name":"hexo","hostname":"Zhiyuan-Yang","pid":22032,"level":20,"msg":"Processed: source/lib/font-awesome/HELP-US-OUT.txt","time":"2017-06-12T14:47:47.509Z","v":0}
{"name":"hexo","hostname":"Zhiyuan-Yang","pid":22032,"level":20,"msg":"Processed: source/lib/font-awesome/bower.json","time":"2017-06-12T14:47:47.509Z","v":0}
{"name":"hexo","hostname":"Zhiyuan-Yang","pid":22032,"level":20,"msg":"Processed: source/lib/jquery_lazyload/CONTRIBUTING.md","time":"2017-06-12T14:47:47.509Z","v":0}
{"name":"hexo","hostname":"Zhiyuan-Yang","pid":22032,"level":20,"msg":"Processed: source/lib/jquery_lazyload/README.md","time":"2017-06-12T14:47:47.509Z","v":0}
{"name":"hexo","hostname":"Zhiyuan-Yang","pid":22032,"level":20,"msg":"Processed: source/lib/jquery_lazyload/bower.json","time":"2017-06-12T14:47:47.509Z","v":0}
{"name":"hexo","hostname":"Zhiyuan-Yang","pid":22032,"level":20,"msg":"Processed: source/lib/jquery_lazyload/jquery.scrollstop.js","time":"2017-06-12T14:47:47.509Z","v":0}
{"name":"hexo","hostname":"Zhiyuan-Yang","pid":22032,"level":20,"msg":"Processed: source/lib/jquery_lazyload/jquery.lazyload.js","time":"2017-06-12T14:47:47.509Z","v":0}
{"name":"hexo","hostname":"Zhiyuan-Yang","pid":22032,"level":20,"msg":"Processed: source/lib/three/three-waves.min.js","time":"2017-06-12T14:47:47.509Z","v":0}
{"name":"hexo","hostname":"Zhiyuan-Yang","pid":22032,"level":20,"msg":"Processed: source/lib/velocity/bower.json","time":"2017-06-12T14:47:47.509Z","v":0}
{"name":"hexo","hostname":"Zhiyuan-Yang","pid":22032,"level":20,"msg":"Processed: source/lib/velocity/velocity.min.js","time":"2017-06-12T14:47:47.509Z","v":0}
{"name":"hexo","hostname":"Zhiyuan-Yang","pid":22032,"level":20,"msg":"Processed: source/lib/velocity/velocity.ui.js","time":"2017-06-12T14:47:47.509Z","v":0}
{"name":"hexo","hostname":"Zhiyuan-Yang","pid":22032,"level":20,"msg":"Processed: source/lib/velocity/velocity.ui.min.js","time":"2017-06-12T14:47:47.509Z","v":0}
{"name":"hexo","hostname":"Zhiyuan-Yang","pid":22032,"level":20,"msg":"Processed: source/lib/jquery/index.js","time":"2017-06-12T14:47:47.540Z","v":0}
{"name":"hexo","hostname":"Zhiyuan-Yang","pid":22032,"level":20,"msg":"Processed: layout/_custom/header.swig","time":"2017-06-12T14:47:47.603Z","v":0}
{"name":"hexo","hostname":"Zhiyuan-Yang","pid":22032,"level":20,"msg":"Processed: layout/_macro/post-collapse.swig","time":"2017-06-12T14:47:47.603Z","v":0}
{"name":"hexo","hostname":"Zhiyuan-Yang","pid":22032,"level":20,"msg":"Processed: layout/_custom/sidebar.swig","time":"2017-06-12T14:47:47.603Z","v":0}
{"name":"hexo","hostname":"Zhiyuan-Yang","pid":22032,"level":20,"msg":"Processed: layout/_macro/post-copyright.swig","time":"2017-06-12T14:47:47.603Z","v":0}
{"name":"hexo","hostname":"Zhiyuan-Yang","pid":22032,"level":20,"msg":"Processed: layout/_macro/post.swig","time":"2017-06-12T14:47:47.603Z","v":0}
{"name":"hexo","hostname":"Zhiyuan-Yang","pid":22032,"level":20,"msg":"Processed: layout/_macro/reward.swig","time":"2017-06-12T14:47:47.603Z","v":0}
{"name":"hexo","hostname":"Zhiyuan-Yang","pid":22032,"level":20,"msg":"Processed: layout/_macro/wechat-subscriber.swig","time":"2017-06-12T14:47:47.603Z","v":0}
{"name":"hexo","hostname":"Zhiyuan-Yang","pid":22032,"level":20,"msg":"Processed: layout/_macro/sidebar.swig","time":"2017-06-12T14:47:47.603Z","v":0}
{"name":"hexo","hostname":"Zhiyuan-Yang","pid":22032,"level":20,"msg":"Processed: layout/_partials/head.swig","time":"2017-06-12T14:47:47.603Z","v":0}
{"name":"hexo","hostname":"Zhiyuan-Yang","pid":22032,"level":20,"msg":"Processed: layout/_partials/comments.swig","time":"2017-06-12T14:47:47.603Z","v":0}
{"name":"hexo","hostname":"Zhiyuan-Yang","pid":22032,"level":20,"msg":"Processed: layout/_partials/footer.swig","time":"2017-06-12T14:47:47.603Z","v":0}
{"name":"hexo","hostname":"Zhiyuan-Yang","pid":22032,"level":20,"msg":"Processed: layout/_partials/header.swig","time":"2017-06-12T14:47:47.603Z","v":0}
{"name":"hexo","hostname":"Zhiyuan-Yang","pid":22032,"level":20,"msg":"Processed: layout/_partials/pagination.swig","time":"2017-06-12T14:47:47.603Z","v":0}
{"name":"hexo","hostname":"Zhiyuan-Yang","pid":22032,"level":20,"msg":"Processed: layout/_partials/page-header.swig","time":"2017-06-12T14:47:47.603Z","v":0}
{"name":"hexo","hostname":"Zhiyuan-Yang","pid":22032,"level":20,"msg":"Processed: layout/_partials/search.swig","time":"2017-06-12T14:47:47.603Z","v":0}
{"name":"hexo","hostname":"Zhiyuan-Yang","pid":22032,"level":20,"msg":"Processed: layout/_scripts/boostrap.swig","time":"2017-06-12T14:47:47.603Z","v":0}
{"name":"hexo","hostname":"Zhiyuan-Yang","pid":22032,"level":20,"msg":"Processed: layout/_scripts/commons.swig","time":"2017-06-12T14:47:47.603Z","v":0}
{"name":"hexo","hostname":"Zhiyuan-Yang","pid":22032,"level":20,"msg":"Processed: layout/_scripts/vendors.swig","time":"2017-06-12T14:47:47.603Z","v":0}
{"name":"hexo","hostname":"Zhiyuan-Yang","pid":22032,"level":20,"msg":"Processed: layout/_third-party/duoshuo-hot-articles.swig","time":"2017-06-12T14:47:47.603Z","v":0}
{"name":"hexo","hostname":"Zhiyuan-Yang","pid":22032,"level":20,"msg":"Processed: layout/_third-party/exturl.swig","time":"2017-06-12T14:47:47.603Z","v":0}
{"name":"hexo","hostname":"Zhiyuan-Yang","pid":22032,"level":20,"msg":"Processed: layout/_third-party/mathjax.swig","time":"2017-06-12T14:47:47.603Z","v":0}
{"name":"hexo","hostname":"Zhiyuan-Yang","pid":22032,"level":20,"msg":"Processed: layout/_third-party/schedule.swig","time":"2017-06-12T14:47:47.603Z","v":0}
{"name":"hexo","hostname":"Zhiyuan-Yang","pid":22032,"level":20,"msg":"Processed: source/js/src/schemes/pisces.js","time":"2017-06-12T14:47:47.603Z","v":0}
{"name":"hexo","hostname":"Zhiyuan-Yang","pid":22032,"level":20,"msg":"Processed: source/lib/fancybox/source/blank.gif","time":"2017-06-12T14:47:47.603Z","v":0}
{"name":"hexo","hostname":"Zhiyuan-Yang","pid":22032,"level":20,"msg":"Processed: source/lib/fancybox/source/fancybox_loading.gif","time":"2017-06-12T14:47:47.603Z","v":0}
{"name":"hexo","hostname":"Zhiyuan-Yang","pid":22032,"level":20,"msg":"Processed: source/lib/fancybox/source/fancybox_loading@2x.gif","time":"2017-06-12T14:47:47.603Z","v":0}
{"name":"hexo","hostname":"Zhiyuan-Yang","pid":22032,"level":20,"msg":"Processed: source/lib/fancybox/source/fancybox_overlay.png","time":"2017-06-12T14:47:47.603Z","v":0}
{"name":"hexo","hostname":"Zhiyuan-Yang","pid":22032,"level":20,"msg":"Processed: source/lib/fancybox/source/fancybox_sprite.png","time":"2017-06-12T14:47:47.603Z","v":0}
{"name":"hexo","hostname":"Zhiyuan-Yang","pid":22032,"level":20,"msg":"Processed: source/lib/fancybox/source/fancybox_sprite@2x.png","time":"2017-06-12T14:47:47.603Z","v":0}
{"name":"hexo","hostname":"Zhiyuan-Yang","pid":22032,"level":20,"msg":"Processed: source/lib/fancybox/source/jquery.fancybox.css","time":"2017-06-12T14:47:47.603Z","v":0}
{"name":"hexo","hostname":"Zhiyuan-Yang","pid":22032,"level":20,"msg":"Processed: source/lib/fancybox/source/jquery.fancybox.js","time":"2017-06-12T14:47:47.603Z","v":0}
{"name":"hexo","hostname":"Zhiyuan-Yang","pid":22032,"level":20,"msg":"Processed: source/lib/fancybox/source/jquery.fancybox.pack.js","time":"2017-06-12T14:47:47.603Z","v":0}
{"name":"hexo","hostname":"Zhiyuan-Yang","pid":22032,"level":20,"msg":"Processed: source/lib/fastclick/lib/fastclick.js","time":"2017-06-12T14:47:47.603Z","v":0}
{"name":"hexo","hostname":"Zhiyuan-Yang","pid":22032,"level":20,"msg":"Processed: source/lib/fastclick/lib/fastclick.min.js","time":"2017-06-12T14:47:47.603Z","v":0}
{"name":"hexo","hostname":"Zhiyuan-Yang","pid":22032,"level":20,"msg":"Processed: source/lib/font-awesome/css/font-awesome.css","time":"2017-06-12T14:47:47.603Z","v":0}
{"name":"hexo","hostname":"Zhiyuan-Yang","pid":22032,"level":20,"msg":"Processed: source/lib/font-awesome/css/font-awesome.min.css","time":"2017-06-12T14:47:47.603Z","v":0}
{"name":"hexo","hostname":"Zhiyuan-Yang","pid":22032,"level":20,"msg":"Processed: source/lib/font-awesome/css/font-awesome.css.map","time":"2017-06-12T14:47:47.603Z","v":0}
{"name":"hexo","hostname":"Zhiyuan-Yang","pid":22032,"level":20,"msg":"Processed: source/lib/ua-parser-js/dist/ua-parser.min.js","time":"2017-06-12T14:47:47.603Z","v":0}
{"name":"hexo","hostname":"Zhiyuan-Yang","pid":22032,"level":20,"msg":"Processed: source/lib/ua-parser-js/dist/ua-parser.pack.js","time":"2017-06-12T14:47:47.603Z","v":0}
{"name":"hexo","hostname":"Zhiyuan-Yang","pid":22032,"level":20,"msg":"Processed: layout/_scripts/schemes/muse.swig","time":"2017-06-12T14:47:47.619Z","v":0}
{"name":"hexo","hostname":"Zhiyuan-Yang","pid":22032,"level":20,"msg":"Processed: layout/_scripts/schemes/mist.swig","time":"2017-06-12T14:47:47.619Z","v":0}
{"name":"hexo","hostname":"Zhiyuan-Yang","pid":22032,"level":20,"msg":"Processed: source/lib/font-awesome/fonts/fontawesome-webfont.woff","time":"2017-06-12T14:47:47.619Z","v":0}
{"name":"hexo","hostname":"Zhiyuan-Yang","pid":22032,"level":20,"msg":"Processed: source/lib/font-awesome/fonts/fontawesome-webfont.woff2","time":"2017-06-12T14:47:47.619Z","v":0}
{"name":"hexo","hostname":"Zhiyuan-Yang","pid":22032,"level":20,"msg":"Processed: source/lib/velocity/velocity.js","time":"2017-06-12T14:47:47.619Z","v":0}
{"name":"hexo","hostname":"Zhiyuan-Yang","pid":22032,"level":20,"msg":"Processed: layout/_partials/head/external-fonts.swig","time":"2017-06-12T14:47:47.650Z","v":0}
{"name":"hexo","hostname":"Zhiyuan-Yang","pid":22032,"level":20,"msg":"Processed: layout/_partials/head/custom-head.swig","time":"2017-06-12T14:47:47.650Z","v":0}
{"name":"hexo","hostname":"Zhiyuan-Yang","pid":22032,"level":20,"msg":"Processed: layout/_partials/search/localsearch.swig","time":"2017-06-12T14:47:47.650Z","v":0}
{"name":"hexo","hostname":"Zhiyuan-Yang","pid":22032,"level":20,"msg":"Processed: layout/_partials/search/swiftype.swig","time":"2017-06-12T14:47:47.650Z","v":0}
{"name":"hexo","hostname":"Zhiyuan-Yang","pid":22032,"level":20,"msg":"Processed: layout/_partials/search/tinysou.swig","time":"2017-06-12T14:47:47.650Z","v":0}
{"name":"hexo","hostname":"Zhiyuan-Yang","pid":22032,"level":20,"msg":"Processed: layout/_partials/share/add-this.swig","time":"2017-06-12T14:47:47.650Z","v":0}
{"name":"hexo","hostname":"Zhiyuan-Yang","pid":22032,"level":20,"msg":"Processed: layout/_partials/share/baidushare.swig","time":"2017-06-12T14:47:47.650Z","v":0}
{"name":"hexo","hostname":"Zhiyuan-Yang","pid":22032,"level":20,"msg":"Processed: layout/_partials/share/duoshuo_share.swig","time":"2017-06-12T14:47:47.650Z","v":0}
{"name":"hexo","hostname":"Zhiyuan-Yang","pid":22032,"level":20,"msg":"Processed: layout/_scripts/pages/post-details.swig","time":"2017-06-12T14:47:47.650Z","v":0}
{"name":"hexo","hostname":"Zhiyuan-Yang","pid":22032,"level":20,"msg":"Processed: layout/_partials/share/jiathis.swig","time":"2017-06-12T14:47:47.650Z","v":0}
{"name":"hexo","hostname":"Zhiyuan-Yang","pid":22032,"level":20,"msg":"Processed: layout/_third-party/analytics/application-insights.swig","time":"2017-06-12T14:47:47.650Z","v":0}
{"name":"hexo","hostname":"Zhiyuan-Yang","pid":22032,"level":20,"msg":"Processed: layout/_scripts/schemes/pisces.swig","time":"2017-06-12T14:47:47.650Z","v":0}
{"name":"hexo","hostname":"Zhiyuan-Yang","pid":22032,"level":20,"msg":"Processed: layout/_third-party/analytics/busuanzi-counter.swig","time":"2017-06-12T14:47:47.650Z","v":0}
{"name":"hexo","hostname":"Zhiyuan-Yang","pid":22032,"level":20,"msg":"Processed: layout/_third-party/analytics/baidu-analytics.swig","time":"2017-06-12T14:47:47.650Z","v":0}
{"name":"hexo","hostname":"Zhiyuan-Yang","pid":22032,"level":20,"msg":"Processed: layout/_third-party/analytics/cnzz-analytics.swig","time":"2017-06-12T14:47:47.650Z","v":0}
{"name":"hexo","hostname":"Zhiyuan-Yang","pid":22032,"level":20,"msg":"Processed: layout/_third-party/analytics/facebook-sdk.swig","time":"2017-06-12T14:47:47.650Z","v":0}
{"name":"hexo","hostname":"Zhiyuan-Yang","pid":22032,"level":20,"msg":"Processed: layout/_third-party/analytics/index.swig","time":"2017-06-12T14:47:47.650Z","v":0}
{"name":"hexo","hostname":"Zhiyuan-Yang","pid":22032,"level":20,"msg":"Processed: layout/_third-party/analytics/google-analytics.swig","time":"2017-06-12T14:47:47.650Z","v":0}
{"name":"hexo","hostname":"Zhiyuan-Yang","pid":22032,"level":20,"msg":"Processed: layout/_third-party/analytics/tencent-analytics.swig","time":"2017-06-12T14:47:47.650Z","v":0}
{"name":"hexo","hostname":"Zhiyuan-Yang","pid":22032,"level":20,"msg":"Processed: layout/_third-party/analytics/lean-analytics.swig","time":"2017-06-12T14:47:47.650Z","v":0}
{"name":"hexo","hostname":"Zhiyuan-Yang","pid":22032,"level":20,"msg":"Processed: layout/_third-party/analytics/tencent-mta.swig","time":"2017-06-12T14:47:47.650Z","v":0}
{"name":"hexo","hostname":"Zhiyuan-Yang","pid":22032,"level":20,"msg":"Processed: layout/_third-party/analytics/vkontakte-api.swig","time":"2017-06-12T14:47:47.650Z","v":0}
{"name":"hexo","hostname":"Zhiyuan-Yang","pid":22032,"level":20,"msg":"Processed: layout/_third-party/comments/changyan.swig","time":"2017-06-12T14:47:47.650Z","v":0}
{"name":"hexo","hostname":"Zhiyuan-Yang","pid":22032,"level":20,"msg":"Processed: layout/_third-party/comments/duoshuo.swig","time":"2017-06-12T14:47:47.650Z","v":0}
{"name":"hexo","hostname":"Zhiyuan-Yang","pid":22032,"level":20,"msg":"Processed: layout/_third-party/comments/disqus.swig","time":"2017-06-12T14:47:47.650Z","v":0}
{"name":"hexo","hostname":"Zhiyuan-Yang","pid":22032,"level":20,"msg":"Processed: layout/_third-party/comments/gentie.swig","time":"2017-06-12T14:47:47.650Z","v":0}
{"name":"hexo","hostname":"Zhiyuan-Yang","pid":22032,"level":20,"msg":"Processed: layout/_third-party/comments/hypercomments.swig","time":"2017-06-12T14:47:47.650Z","v":0}
{"name":"hexo","hostname":"Zhiyuan-Yang","pid":22032,"level":20,"msg":"Processed: layout/_third-party/comments/index.swig","time":"2017-06-12T14:47:47.650Z","v":0}
{"name":"hexo","hostname":"Zhiyuan-Yang","pid":22032,"level":20,"msg":"Processed: layout/_third-party/comments/livere.swig","time":"2017-06-12T14:47:47.650Z","v":0}
{"name":"hexo","hostname":"Zhiyuan-Yang","pid":22032,"level":20,"msg":"Processed: layout/_third-party/comments/youyan.swig","time":"2017-06-12T14:47:47.650Z","v":0}
{"name":"hexo","hostname":"Zhiyuan-Yang","pid":22032,"level":20,"msg":"Processed: layout/_third-party/seo/baidu-push.swig","time":"2017-06-12T14:47:47.650Z","v":0}
{"name":"hexo","hostname":"Zhiyuan-Yang","pid":22032,"level":20,"msg":"Processed: layout/_third-party/search/index.swig","time":"2017-06-12T14:47:47.650Z","v":0}
{"name":"hexo","hostname":"Zhiyuan-Yang","pid":22032,"level":20,"msg":"Processed: layout/_third-party/search/localsearch.swig","time":"2017-06-12T14:47:47.650Z","v":0}
{"name":"hexo","hostname":"Zhiyuan-Yang","pid":22032,"level":20,"msg":"Processed: layout/_third-party/search/tinysou.swig","time":"2017-06-12T14:47:47.650Z","v":0}
{"name":"hexo","hostname":"Zhiyuan-Yang","pid":22032,"level":20,"msg":"Processed: source/lib/fancybox/source/helpers/fancybox_buttons.png","time":"2017-06-12T14:47:47.666Z","v":0}
{"name":"hexo","hostname":"Zhiyuan-Yang","pid":22032,"level":20,"msg":"Processed: source/lib/fancybox/source/helpers/jquery.fancybox-buttons.css","time":"2017-06-12T14:47:47.666Z","v":0}
{"name":"hexo","hostname":"Zhiyuan-Yang","pid":22032,"level":20,"msg":"Processed: source/lib/fancybox/source/helpers/jquery.fancybox-buttons.js","time":"2017-06-12T14:47:47.666Z","v":0}
{"name":"hexo","hostname":"Zhiyuan-Yang","pid":22032,"level":20,"msg":"Processed: source/lib/fancybox/source/helpers/jquery.fancybox-thumbs.css","time":"2017-06-12T14:47:47.666Z","v":0}
{"name":"hexo","hostname":"Zhiyuan-Yang","pid":22032,"level":20,"msg":"Processed: source/lib/fancybox/source/helpers/jquery.fancybox-media.js","time":"2017-06-12T14:47:47.666Z","v":0}
{"name":"hexo","hostname":"Zhiyuan-Yang","pid":22032,"level":20,"msg":"Processed: source/lib/fancybox/source/helpers/jquery.fancybox-thumbs.js","time":"2017-06-12T14:47:47.666Z","v":0}
{"name":"hexo","hostname":"Zhiyuan-Yang","pid":22032,"level":20,"msg":"Processed: source/lib/font-awesome/fonts/FontAwesome.otf","time":"2017-06-12T14:47:47.666Z","v":0}
{"name":"hexo","hostname":"Zhiyuan-Yang","pid":22032,"level":20,"msg":"Processed: source/lib/font-awesome/fonts/fontawesome-webfont.eot","time":"2017-06-12T14:47:47.666Z","v":0}
{"name":"hexo","hostname":"Zhiyuan-Yang","pid":22032,"level":20,"msg":"Processed: source/lib/font-awesome/fonts/fontawesome-webfont.ttf","time":"2017-06-12T14:47:47.666Z","v":0}
{"name":"hexo","hostname":"Zhiyuan-Yang","pid":22032,"level":20,"msg":"Processed: layout/_third-party/search/algolia-search/assets.swig","time":"2017-06-12T14:47:47.666Z","v":0}
{"name":"hexo","hostname":"Zhiyuan-Yang","pid":22032,"level":20,"msg":"Processed: layout/_third-party/search/algolia-search/dom.swig","time":"2017-06-12T14:47:47.666Z","v":0}
{"name":"hexo","hostname":"Zhiyuan-Yang","pid":22032,"level":20,"msg":"Processed: source/lib/algolia-instant-search/instantsearch.min.js","time":"2017-06-12T14:47:47.666Z","v":0}
{"name":"hexo","hostname":"Zhiyuan-Yang","pid":22032,"level":20,"msg":"Processed: source/lib/three/three.min.js","time":"2017-06-12T14:47:47.666Z","v":0}
{"name":"hexo","hostname":"Zhiyuan-Yang","pid":22032,"level":20,"msg":"Processed: source/lib/font-awesome/fonts/fontawesome-webfont.svg","time":"2017-06-12T14:47:47.666Z","v":0}
{"name":"hexo","hostname":"Zhiyuan-Yang","pid":22032,"level":20,"msg":"Generator: page","time":"2017-06-12T14:47:47.947Z","v":0}
{"name":"hexo","hostname":"Zhiyuan-Yang","pid":22032,"level":20,"msg":"Generator: post","time":"2017-06-12T14:47:47.947Z","v":0}
{"name":"hexo","hostname":"Zhiyuan-Yang","pid":22032,"level":20,"msg":"Generator: archive","time":"2017-06-12T14:47:47.947Z","v":0}
{"name":"hexo","hostname":"Zhiyuan-Yang","pid":22032,"level":20,"msg":"Generator: category","time":"2017-06-12T14:47:47.947Z","v":0}
{"name":"hexo","hostname":"Zhiyuan-Yang","pid":22032,"level":20,"msg":"Generator: tag","time":"2017-06-12T14:47:47.947Z","v":0}
{"name":"hexo","hostname":"Zhiyuan-Yang","pid":22032,"level":20,"msg":"Generator: index","time":"2017-06-12T14:47:47.947Z","v":0}
{"name":"hexo","hostname":"Zhiyuan-Yang","pid":22032,"level":20,"msg":"Generator: asset","time":"2017-06-12T14:47:47.947Z","v":0}
{"name":"hexo","hostname":"Zhiyuan-Yang","pid":22032,"level":30,"msg":"Hexo is running at http://localhost:4000/. Press Ctrl+C to stop.","time":"2017-06-12T14:47:47.947Z","v":0}
{"name":"hexo","hostname":"Zhiyuan-Yang","pid":22032,"level":20,"msg":"Database saved","time":"2017-06-12T14:47:47.978Z","v":0}
